<?xml version="1.0" encoding="UTF-8"?>
<!-- Generated by org.testng.reporters.JUnitReportReporter -->
<testsuite hostname="LAPTOP-5LLEVI82" failures="0" tests="1" name="Runner.Script3" time="60.433" errors="0" timestamp="2021-11-22T19:04:46 IST" skipped="0">
  <testcase classname="Runner.Script3" name="TC3" time="60.433"/>
  <system-out/>
</testsuite> <!-- Runner.Script3 -->
